生成启动时间为 2020/10/2 11:49:14。
     1>项目“D:\9.8\2020.10.2.c\2020.10.2.c\2020.10.2.c.vcxproj”在节点 2 上(build 个目标)。
     1>InitializeBuildStatus:
         正在创建“Debug\2020.10.2.c.unsuccessfulbuild”，因为已指定“AlwaysCreate”。
       ClCompile:
         C:\Program Files (x86)\Microsoft Visual Studio 10.0\VC\bin\CL.exe /c /ZI /nologo /W3 /WX- /Od /Oy- /D _MBCS /Gm /EHsc /RTC1 /MDd /GS /fp:precise /Zc:wchar_t /Zc:forScope /Fo"Debug\\" /Fd"Debug\vc100.pdb" /Gd /TC /analyze- /errorReport:prompt 10.2.c
         10.2.c
     1>d:\9.8\2020.10.2.c\2020.10.2.c\10.2.c(78): warning C4047: “!=”:“int”与“void *”的间接级别不同
       Link:
         C:\Program Files (x86)\Microsoft Visual Studio 10.0\VC\bin\link.exe /ERRORREPORT:PROMPT /OUT:"D:\9.8\2020.10.2.c\Debug\2020.10.2.c.exe" /NOLOGO kernel32.lib user32.lib gdi32.lib winspool.lib comdlg32.lib advapi32.lib shell32.lib ole32.lib oleaut32.lib uuid.lib odbc32.lib odbccp32.lib /MANIFEST /ManifestFile:"Debug\2020.10.2.c.exe.intermediate.manifest" /MANIFESTUAC:"level='asInvoker' uiAccess='false'" /DEBUG /PDB:"D:\9.8\2020.10.2.c\Debug\2020.10.2.c.pdb" /SUBSYSTEM:CONSOLE /TLBID:1 /DYNAMICBASE /NXCOMPAT /IMPLIB:"D:\9.8\2020.10.2.c\Debug\2020.10.2.c.lib" /MACHINE:X86 Debug\10.2.obj
         LINK : 没有找到 D:\9.8\2020.10.2.c\Debug\2020.10.2.c.exe 或上一个增量链接没有生成它；正在执行完全链接
         2020.10.2.c.vcxproj -> D:\9.8\2020.10.2.c\Debug\2020.10.2.c.exe
       Manifest:
         C:\Program Files (x86)\Microsoft SDKs\Windows\v7.0A\bin\mt.exe /nologo /verbose /outputresource:"D:\9.8\2020.10.2.c\Debug\2020.10.2.c.exe;#1" /manifest Debug\2020.10.2.c.exe.intermediate.manifest
       FinalizeBuildStatus:
         正在删除文件“Debug\2020.10.2.c.unsuccessfulbuild”。
         正在对“Debug\2020.10.2.c.lastbuildstate”执行 Touch 任务。
     1>已完成生成项目“D:\9.8\2020.10.2.c\2020.10.2.c\2020.10.2.c.vcxproj”(build 个目标)的操作。

生成成功。

已用时间 00:00:00.70
