生成启动时间为 2020/9/4 10:40:35。
     1>项目“C:\Users\86925\documents\visual studio 2010\Projects\dsa.c\dsa.c\dsa.c.vcxproj”在节点 2 上(build 个目标)。
     1>InitializeBuildStatus:
         正在创建“Debug\dsa.c.unsuccessfulbuild”，因为已指定“AlwaysCreate”。
       ClCompile:
         所有输出均为最新。
         C:\Program Files (x86)\Microsoft Visual Studio 10.0\VC\bin\CL.exe /c /ZI /nologo /W3 /WX- /Od /Oy- /D _MBCS /Gm /EHsc /RTC1 /MDd /GS /fp:precise /Zc:wchar_t /Zc:forScope /Fo"Debug\\" /Fd"Debug\vc100.pdb" /Gd /TP /analyze- /errorReport:prompt "闫小明.cpp"
         闫小明.cpp
       Link:
         C:\Program Files (x86)\Microsoft Visual Studio 10.0\VC\bin\link.exe /ERRORREPORT:PROMPT /OUT:"C:\Users\86925\documents\visual studio 2010\Projects\dsa.c\Debug\dsa.c.exe" /NOLOGO kernel32.lib user32.lib gdi32.lib winspool.lib comdlg32.lib advapi32.lib shell32.lib ole32.lib oleaut32.lib uuid.lib odbc32.lib odbccp32.lib /MANIFEST /ManifestFile:"Debug\dsa.c.exe.intermediate.manifest" /MANIFESTUAC:"level='asInvoker' uiAccess='false'" /DEBUG /PDB:"C:\Users\86925\documents\visual studio 2010\Projects\dsa.c\Debug\dsa.c.pdb" /SUBSYSTEM:CONSOLE /TLBID:1 /DYNAMICBASE /NXCOMPAT /IMPLIB:"C:\Users\86925\documents\visual studio 2010\Projects\dsa.c\Debug\dsa.c.lib" /MACHINE:X86 Debug\yanxiaoming.obj
         "Debug\闫小明.obj"
         LINK : 没有找到 C:\Users\86925\documents\visual studio 2010\Projects\dsa.c\Debug\dsa.c.exe 或上一个增量链接没有生成它；正在执行完全链接
         dsa.c.vcxproj -> C:\Users\86925\documents\visual studio 2010\Projects\dsa.c\Debug\dsa.c.exe
       Manifest:
         C:\Program Files (x86)\Microsoft SDKs\Windows\v7.0A\bin\mt.exe /nologo /verbose /outputresource:"C:\Users\86925\documents\visual studio 2010\Projects\dsa.c\Debug\dsa.c.exe;#1" /manifest Debug\dsa.c.exe.intermediate.manifest
       FinalizeBuildStatus:
         正在删除文件“Debug\dsa.c.unsuccessfulbuild”。
         正在对“Debug\dsa.c.lastbuildstate”执行 Touch 任务。
     1>已完成生成项目“C:\Users\86925\documents\visual studio 2010\Projects\dsa.c\dsa.c\dsa.c.vcxproj”(build 个目标)的操作。

生成成功。

已用时间 00:00:00.81
